Watching for file changes with StatReloader
[05/Aug/2025 07:59:43] "GET / HTTP/1.1" 200 11107
[05/Aug/2025 07:59:54] "GET / HTTP/1.1" 200 11107
[05/Aug/2025 07:59:54] "GET /api/system-status/ HTTP/1.1" 200 139
Not Found: /favicon.ico
[05/Aug/2025 07:59:54] "GET /favicon.ico HTTP/1.1" 404 7373
[05/Aug/2025 07:59:54,992] - Broken pipe from ('127.0.0.1', 61964)
[05/Aug/2025 07:59:58] "GET /system-status/ HTTP/1.1" 200 13896
[05/Aug/2025 07:59:58] "GET /api/system-status/ HTTP/1.1" 200 139
[05/Aug/2025 07:59:58] "GET /api/system-status/ HTTP/1.1" 200 139
[05/Aug/2025 08:00:28] "GET /api/system-status/ HTTP/1.1" 200 139
[05/Aug/2025 08:00:28] "GET /api/system-status/ HTTP/1.1" 200 139
[05/Aug/2025 08:00:58] "GET /api/system-status/ HTTP/1.1" 200 139
[05/Aug/2025 08:00:58] "GET /api/system-status/ HTTP/1.1" 200 139
[05/Aug/2025 08:01:28] "GET /api/system-status/ HTTP/1.1" 200 139
[05/Aug/2025 08:01:28] "GET /api/system-status/ HTTP/1.1" 200 139
[05/Aug/2025 08:01:58] "GET /api/system-status/ HTTP/1.1" 200 139
[05/Aug/2025 08:01:58] "GET /api/system-status/ HTTP/1.1" 200 139
[05/Aug/2025 08:02:28] "GET /api/system-status/ HTTP/1.1" 200 139
[05/Aug/2025 08:02:28] "GET /api/system-status/ HTTP/1.1" 200 139
[05/Aug/2025 08:02:58] "GET /api/system-status/ HTTP/1.1" 200 139
[05/Aug/2025 08:03:01] "GET /api/system-status/ HTTP/1.1" 200 139
[05/Aug/2025 08:03:28] "GET /api/system-status/ HTTP/1.1" 200 139
[05/Aug/2025 08:03:31] "GET /api/system-status/ HTTP/1.1" 200 139
[05/Aug/2025 08:03:58] "GET /api/system-status/ HTTP/1.1" 200 139
[05/Aug/2025 08:04:02] "GET /api/system-status/ HTTP/1.1" 200 139
[05/Aug/2025 08:04:28] "GET /api/system-status/ HTTP/1.1" 200 139
[05/Aug/2025 08:04:32] "GET /api/system-status/ HTTP/1.1" 200 139
[05/Aug/2025 08:04:58] "GET /api/system-status/ HTTP/1.1" 200 139
[05/Aug/2025 08:05:02] "GET /api/system-status/ HTTP/1.1" 200 139
[05/Aug/2025 08:05:28] "GET /api/system-status/ HTTP/1.1" 200 139
[05/Aug/2025 08:05:32] "GET /api/system-status/ HTTP/1.1" 200 139
[05/Aug/2025 08:05:58] "GET /api/system-status/ HTTP/1.1" 200 139
[05/Aug/2025 08:06:03] "GET /api/system-status/ HTTP/1.1" 200 139
[05/Aug/2025 08:06:28] "GET /api/system-status/ HTTP/1.1" 200 139
[05/Aug/2025 08:06:33] "GET /api/system-status/ HTTP/1.1" 200 139
[05/Aug/2025 08:06:58] "GET /api/system-status/ HTTP/1.1" 200 139
[05/Aug/2025 08:07:03] "GET /api/system-status/ HTTP/1.1" 200 139
[05/Aug/2025 08:07:28] "GET /api/system-status/ HTTP/1.1" 200 139
[05/Aug/2025 08:07:33] "GET /api/system-status/ HTTP/1.1" 200 139
[05/Aug/2025 08:07:58] "GET /api/system-status/ HTTP/1.1" 200 139
[05/Aug/2025 08:08:04] "GET /api/system-status/ HTTP/1.1" 200 139
[05/Aug/2025 08:08:28] "GET /api/system-status/ HTTP/1.1" 200 139
[05/Aug/2025 08:08:34] "GET /api/system-status/ HTTP/1.1" 200 139
[05/Aug/2025 08:08:58] "GET /api/system-status/ HTTP/1.1" 200 139
[05/Aug/2025 08:09:04] "GET /api/system-status/ HTTP/1.1" 200 139
[05/Aug/2025 08:09:28] "GET /api/system-status/ HTTP/1.1" 200 139
[05/Aug/2025 08:09:34] "GET /api/system-status/ HTTP/1.1" 200 139
[05/Aug/2025 08:09:58] "GET /api/system-status/ HTTP/1.1" 200 139
[05/Aug/2025 08:10:04] "GET /api/system-status/ HTTP/1.1" 200 139
[05/Aug/2025 08:10:28] "GET /api/system-status/ HTTP/1.1" 200 139
[05/Aug/2025 08:10:34] "GET /api/system-status/ HTTP/1.1" 200 139
[05/Aug/2025 08:10:58] "GET /api/system-status/ HTTP/1.1" 200 139
[05/Aug/2025 08:11:04] "GET /api/system-status/ HTTP/1.1" 200 139
[05/Aug/2025 08:11:28] "GET /api/system-status/ HTTP/1.1" 200 139
[05/Aug/2025 08:11:34] "GET /api/system-status/ HTTP/1.1" 200 139
[05/Aug/2025 08:11:58] "GET /api/system-status/ HTTP/1.1" 200 139
[05/Aug/2025 08:12:04] "GET /api/system-status/ HTTP/1.1" 200 139
[05/Aug/2025 08:12:28] "GET /api/system-status/ HTTP/1.1" 200 139
[05/Aug/2025 08:12:34] "GET /api/system-status/ HTTP/1.1" 200 139
[05/Aug/2025 08:12:58] "GET /api/system-status/ HTTP/1.1" 200 139
[05/Aug/2025 08:13:04] "GET /api/system-status/ HTTP/1.1" 200 139
[05/Aug/2025 08:13:28] "GET /api/system-status/ HTTP/1.1" 200 139
[05/Aug/2025 08:13:34] "GET /api/system-status/ HTTP/1.1" 200 139
[05/Aug/2025 08:13:58] "GET /api/system-status/ HTTP/1.1" 200 139
[05/Aug/2025 08:14:04] "GET /api/system-status/ HTTP/1.1" 200 139
[05/Aug/2025 08:14:28] "GET /api/system-status/ HTTP/1.1" 200 139
[05/Aug/2025 08:14:34] "GET /api/system-status/ HTTP/1.1" 200 139
[05/Aug/2025 08:14:58] "GET /api/system-status/ HTTP/1.1" 200 139
[05/Aug/2025 08:15:04] "GET /api/system-status/ HTTP/1.1" 200 139
[05/Aug/2025 08:15:28] "GET /api/system-status/ HTTP/1.1" 200 139
[05/Aug/2025 08:15:34] "GET /api/system-status/ HTTP/1.1" 200 139
[05/Aug/2025 08:15:58] "GET /api/system-status/ HTTP/1.1" 200 139
[05/Aug/2025 08:16:04] "GET /api/system-status/ HTTP/1.1" 200 139
[05/Aug/2025 08:17:00] "GET /api/system-status/ HTTP/1.1" 200 139
[05/Aug/2025 08:17:13] "GET /api/system-status/ HTTP/1.1" 200 139
[05/Aug/2025 08:17:23] "GET /api/system-status/ HTTP/1.1" 200 139
[05/Aug/2025 08:17:43] "GET /api/system-status/ HTTP/1.1" 200 139
[05/Aug/2025 08:17:53] "GET /api/system-status/ HTTP/1.1" 200 139
